<?xml version="1.0" encoding="UTF-8"?>
<!-- Generated by org.testng.reporters.JUnitReportReporter -->
<testsuite hostname="DESKTOP-S2QR9LR" failures="0" tests="1" name="x2_SLTest.SLTest" time="12.427" errors="0" timestamp="2023-03-11T17:33:41 CET" skipped="0">
  <testcase classname="x2_SLTest.SLTest" name="SLLoginTest" time="12.427"/>
  <system-out/>
</testsuite> <!-- x2_SLTest.SLTest -->
