<?xml version="1.0" encoding="UTF-8"?>
<!-- Generated by org.testng.reporters.JUnitReportReporter -->
<testsuite hostname="DESKTOP-S2QR9LR" failures="0" tests="1" name="test1.SLTest" time="16.549" errors="0" timestamp="2023-03-07T19:53:43 CET" skipped="0">
  <testcase classname="test1.SLTest" name="SLLoginTest" time="16.549"/>
  <system-out/>
</testsuite> <!-- test1.SLTest -->
